\BOOKMARK [1][-]{section*.1}{\376\377\000W\000h\000y\000\040\000R\000?}{}% 1
\BOOKMARK [1][-]{section*.2}{\376\377\000I\000n\000s\000t\000a\000l\000l\000i\000n\000g\000\040\000R\000\040\000a\000n\000d\000\040\000R\000\040\000S\000t\000u\000d\000i\000o}{}% 2
\BOOKMARK [1][-]{section*.3}{\376\377\000S\000e\000t\000t\000i\000n\000g\000\040\000U\000p\000\040\000a\000n\000d\000\040\000C\000u\000s\000t\000o\000m\000i\000z\000i\000n\000g\000\040\000R\000\040\000S\000t\000u\000d\000i\000o\000\040\000I\000D\000E}{}% 3
\BOOKMARK [1][-]{section*.4}{\376\377\000F\000i\000l\000e\000\040\000a\000n\000d\000\040\000P\000r\000o\000j\000e\000c\000t\000\040\000S\000t\000r\000u\000c\000t\000u\000r\000e}{}% 4
\BOOKMARK [1][-]{section*.5}{\376\377\000R\000\040\000V\000a\000r\000i\000a\000b\000l\000e\000s}{}% 5
\BOOKMARK [2][-]{section*.6}{\376\377\000V\000a\000r\000i\000a\000b\000l\000e\000\040\000N\000a\000m\000i\000n\000g}{section*.5}% 6
\BOOKMARK [1][-]{section*.7}{\376\377\000A\000r\000i\000t\000h\000m\000e\000t\000i\000c\000\040\000a\000n\000d\000\040\000L\000o\000g\000i\000c\000a\000l\000\040\000O\000p\000e\000r\000a\000t\000i\000o\000n\000s\000\040\000i\000n\000\040\000R}{}% 7
\BOOKMARK [2][-]{section*.8}{\376\377\000A\000r\000i\000t\000h\000m\000e\000t\000i\000c\000\040\000O\000p\000e\000r\000a\000t\000o\000r\000s}{section*.7}% 8
\BOOKMARK [2][-]{section*.9}{\376\377\000C\000o\000m\000p\000a\000r\000i\000s\000o\000n\000\040\000O\000p\000e\000r\000a\000t\000o\000r\000s}{section*.7}% 9
\BOOKMARK [2][-]{section*.10}{\376\377\000L\000o\000g\000i\000c\000a\000l\000\040\000O\000p\000e\000r\000a\000t\000o\000r\000s}{section*.7}% 10
\BOOKMARK [2][-]{section*.11}{\376\377\000O\000t\000h\000e\000r\000\040\000O\000p\000e\000r\000a\000t\000o\000r\000s}{section*.7}% 11
\BOOKMARK [1][-]{section*.12}{\376\377\000D\000a\000t\000a\000\040\000T\000y\000p\000e\000s}{}% 12
\BOOKMARK [1][-]{section*.13}{\376\377\000D\000a\000t\000a\000\040\000S\000t\000r\000u\000c\000t\000u\000r\000e\000s}{}% 13
\BOOKMARK [2][-]{section*.14}{\376\377\000V\000e\000c\000t\000o\000r\000s}{section*.13}% 14
\BOOKMARK [2][-]{section*.15}{\376\377\000L\000i\000s\000t\000s}{section*.13}% 15
\BOOKMARK [2][-]{section*.16}{\376\377\000M\000a\000t\000r\000i\000c\000e\000s}{section*.13}% 16
\BOOKMARK [2][-]{section*.17}{\376\377\000A\000r\000r\000a\000y\000s}{section*.13}% 17
\BOOKMARK [2][-]{section*.18}{\376\377\000D\000a\000t\000a\000\040\000F\000r\000a\000m\000e\000s}{section*.13}% 18
\BOOKMARK [2][-]{section*.19}{\376\377\000F\000a\000c\000t\000o\000r\000s}{section*.13}% 19
\BOOKMARK [1][-]{section*.20}{\376\377\000I\000m\000p\000o\000r\000t\000i\000n\000g\000\040\000a\000n\000d\000\040\000E\000x\000p\000o\000r\000t\000i\000n\000g\000\040\000D\000a\000t\000a}{}% 20
\BOOKMARK [1][-]{section*.21}{\376\377\000C\000l\000e\000a\000n\000i\000n\000g\000\040\000D\000a\000t\000a}{}% 21
\BOOKMARK [1][-]{section*.22}{\376\377\000A\000n\000a\000l\000y\000z\000i\000n\000g\000\040\000a\000n\000d\000\040\000V\000i\000s\000u\000a\000l\000i\000z\000i\000n\000g\000\040\000d\000a\000t\000a}{}% 22
\BOOKMARK [1][-]{section*.23}{\376\377\000R\000e\000p\000o\000r\000t\000i\000n\000g\000\040\000i\000n\000\040\000R}{}% 23
